Copyright 1986-2018 Xilinx, Inc. All Rights Reserved.
------------------------------------------------------------------------------------
| Tool Version : Vivado v.2018.2 (win64) Build 2258646 Thu Jun 14 20:03:12 MDT 2018
| Date         : Wed Sep 27 11:47:58 2023
| Host         : LAPTOP-OQEDKKJU running 64-bit major release  (build 9200)
| Command      : report_control_sets -verbose -file as3_control_sets_placed.rpt
| Design       : as3
| Device       : xc7a35t
------------------------------------------------------------------------------------

Control Set Information

Table of Contents
-----------------
1. Summary
2. Histogram
3. Flip-Flop Distribution
4. Detailed Control Set Information

1. Summary
----------

+----------------------------------------------------------+-------+
|                          Status                          | Count |
+----------------------------------------------------------+-------+
| Number of unique control sets                            |    13 |
| Unused register locations in slices containing registers |    34 |
+----------------------------------------------------------+-------+


2. Histogram
------------

+--------+--------------+
| Fanout | Control Sets |
+--------+--------------+
|      4 |            1 |
|      8 |            1 |
|    16+ |           11 |
+--------+--------------+


3. Flip-Flop Distribution
-------------------------

+--------------+-----------------------+------------------------+-----------------+--------------+
| Clock Enable | Synchronous Set/Reset | Asynchronous Set/Reset | Total Registers | Total Slices |
+--------------+-----------------------+------------------------+-----------------+--------------+
| No           | No                    | No                     |             102 |           24 |
| No           | No                    | Yes                    |               0 |            0 |
| No           | Yes                   | No                     |             454 |           60 |
| Yes          | No                    | No                     |               8 |            1 |
| Yes          | No                    | Yes                    |               0 |            0 |
| Yes          | Yes                   | No                     |              90 |           10 |
+--------------+-----------------------+------------------------+-----------------+--------------+


4. Detailed Control Set Information
-----------------------------------

+------------------------------------------------------+--------------------------------+---------------------------------------------------------+------------------+----------------+
|                     Clock Signal                     |          Enable Signal         |                     Set/Reset Signal                    | Slice Load Count | Bel Load Count |
+------------------------------------------------------+--------------------------------+---------------------------------------------------------+------------------+----------------+
|  run_subtaskC/used_clock                             |                                |                                                         |                1 |              4 |
|  run_subtaskA/run_counter_A/run_clockA/countA_reg[0] | run_subtaskA/run_counter_A/sel |                                                         |                1 |              8 |
|  basys_clock_IBUF_BUFG                               |                                | run_subtaskD/stop_d                                     |                4 |             20 |
|  basys_clock_IBUF_BUFG                               | run_task_handler/led_reg[2]    | run_subtaskD/stop_d                                     |                2 |             26 |
|  basys_clock_IBUF_BUFG                               |                                | run_subtaskA/run_100Hz/count[31]_i_1__2_n_0             |                8 |             62 |
|  basys_clock_IBUF_BUFG                               |                                | run_subtaskA/run_10Hz/count[31]_i_1__1_n_0              |                8 |             62 |
|  basys_clock_IBUF_BUFG                               |                                | run_subtaskA/run_1Hz/count[31]_i_1__0_n_0               |                8 |             62 |
|  basys_clock_IBUF_BUFG                               |                                | run_subtaskA/run_counter_A/run_clockA/count[31]_i_1_n_0 |                8 |             62 |
|  basys_clock_IBUF_BUFG                               |                                | run_subtaskC/run_clk_200Hz/count[31]_i_1__3_n_0         |                8 |             62 |
|  basys_clock_IBUF_BUFG                               |                                | run_subtaskC/run_clk_20Hz/count[31]_i_1__4_n_0          |                8 |             62 |
|  basys_clock_IBUF_BUFG                               |                                | run_subtaskC/run_clk_2Hz/count[31]_i_1__5_n_0           |                8 |             62 |
|  basys_clock_IBUF_BUFG                               | sw15_IBUF                      | run_subtaskD/clear                                      |                8 |             64 |
|  basys_clock_IBUF_BUFG                               |                                |                                                         |               23 |             98 |
+------------------------------------------------------+--------------------------------+---------------------------------------------------------+------------------+----------------+


